<?xml version="1.0" encoding="UTF-8"?>
<testng-results skipped="0" failed="0" total="1" passed="1">
  <reporter-output>
  </reporter-output>
  <suite name="Suite" duration-ms="37467" started-at="2015-11-18T11:50:50Z" finished-at="2015-11-18T11:51:28Z">
    <groups>
    </groups>
    <test name="Test on firefox" duration-ms="37467" started-at="2015-11-18T11:50:50Z" finished-at="2015-11-18T11:51:28Z">
      <class name="Test.CoachRegistrationTest">
        <test-method status="PASS" signature="OpenBrowser(java.lang.String, java.lang.String)[pri:0, instance:Test.CoachRegistrationTest@5594a1b5]" name="OpenBrowser" is-config="true" duration-ms="28964" started-at="2015-11-18T17:20:50Z" finished-at="2015-11-18T17:21:19Z">
          <params>
            <param index="0">
              <value>
                <![CDATA[firefox]]>
              </value>
            </param>
            <param index="1">
              <value>
                <![CDATA[http://test.protatechindia.com/wsrx-baseball/Home.aspx]]>
              </value>
            </param>
          </params>
          <reporter-output>
          </reporter-output>
        </test-method> <!-- OpenBrowser -->
        <test-method status="PASS" signature="CoachRegistration()[pri:0, instance:Test.CoachRegistrationTest@5594a1b5]" name="CoachRegistration" duration-ms="8489" started-at="2015-11-18T17:21:19Z" finished-at="2015-11-18T17:21:28Z">
          <reporter-output>
          </reporter-output>
        </test-method> <!-- CoachRegistration -->
        <test-method status="PASS" signature="CloseBrowser()[pri:0, instance:Test.CoachRegistrationTest@5594a1b5]" name="CloseBrowser" is-config="true" duration-ms="1" started-at="2015-11-18T17:21:28Z" finished-at="2015-11-18T17:21:28Z">
          <reporter-output>
          </reporter-output>
        </test-method> <!-- CloseBrowser -->
      </class> <!-- Test.CoachRegistrationTest -->
    </test> <!-- Test on firefox -->
  </suite> <!-- Suite -->
</testng-results>
