<?xml version="1.0" encoding="UTF-8"?>
<testng-results skipped="0" failed="0" total="1" passed="1">
  <reporter-output>
  </reporter-output>
  <suite name="Suite" duration-ms="54256" started-at="2015-11-18T11:49:21Z" finished-at="2015-11-18T11:50:16Z">
    <groups>
    </groups>
    <test name="Test on firefox" duration-ms="54256" started-at="2015-11-18T11:49:21Z" finished-at="2015-11-18T11:50:16Z">
      <class name="Test.CoachRegistrationTest">
        <test-method status="PASS" signature="OpenBrowser(java.lang.String, java.lang.String)[pri:0, instance:Test.CoachRegistrationTest@62ddd21b]" name="OpenBrowser" is-config="true" duration-ms="42256" started-at="2015-11-18T17:19:21Z" finished-at="2015-11-18T17:20:04Z">
          <params>
            <param index="0">
              <value>
                <![CDATA[firefox]]>
              </value>
            </param>
            <param index="1">
              <value>
                <![CDATA[http://test.protatechindia.com/wsrx-baseball/Home.aspx]]>
              </value>
            </param>
          </params>
          <reporter-output>
          </reporter-output>
        </test-method> <!-- OpenBrowser -->
        <test-method status="PASS" signature="CoachRegistration()[pri:0, instance:Test.CoachRegistrationTest@62ddd21b]" name="CoachRegistration" duration-ms="11985" started-at="2015-11-18T17:20:04Z" finished-at="2015-11-18T17:20:16Z">
          <reporter-output>
          </reporter-output>
        </test-method> <!-- CoachRegistration -->
        <test-method status="PASS" signature="CloseBrowser()[pri:0, instance:Test.CoachRegistrationTest@62ddd21b]" name="CloseBrowser" is-config="true" duration-ms="0" started-at="2015-11-18T17:20:16Z" finished-at="2015-11-18T17:20:16Z">
          <reporter-output>
          </reporter-output>
        </test-method> <!-- CloseBrowser -->
      </class> <!-- Test.CoachRegistrationTest -->
    </test> <!-- Test on firefox -->
  </suite> <!-- Suite -->
</testng-results>
